This uses "mosquitto_loop_start(state.mosq)" instead of calling mosquitto_loop()
each time through the loop.

Note that the message rate is consistent and high, and close to what we expect given
a 300ms delay between iterations.


Looptime: 351 millis: 45.584045 msg/sec, long term: 45088 messages at 49.115467 msgs / sec
Looptime: 319 millis: 50.156738 msg/sec, long term: 45104 messages at 49.079433 msgs / sec
Looptime: 319 millis: 50.156738 msg/sec, long term: 45120 messages at 49.096844 msgs / sec
Looptime: 337 millis: 47.477745 msg/sec, long term: 45136 messages at 49.114254 msgs / sec
Looptime: 319 millis: 50.156738 msg/sec, long term: 45152 messages at 49.078262 msgs / sec
Looptime: 319 millis: 50.156738 msg/sec, long term: 45168 messages at 49.095654 msgs / sec
Looptime: 319 millis: 50.156738 msg/sec, long term: 45184 messages at 49.113045 msgs / sec
Looptime: 319 millis: 50.156738 msg/sec, long term: 45200 messages at 49.077091 msgs / sec
Looptime: 319 millis: 50.156738 msg/sec, long term: 45216 messages at 49.094463 msgs / sec
Looptime: 319 millis: 50.156738 msg/sec, long term: 45232 messages at 49.111835 msgs / sec
Looptime: 319 millis: 50.156738 msg/sec, long term: 45248 messages at 49.129208 msgs / sec
Looptime: 319 millis: 50.156738 msg/sec, long term: 45264 messages at 49.093277 msgs / sec
Looptime: 319 millis: 50.156738 msg/sec, long term: 45280 messages at 49.110630 msgs / sec
Looptime: 319 millis: 50.156738 msg/sec, long term: 45296 messages at 49.127983 msgs / sec
Looptime: 340 millis: 47.058823 msg/sec, long term: 45312 messages at 49.092091 msgs / sec
Looptime: 319 millis: 50.156738 msg/sec, long term: 45328 messages at 49.109425 msgs / sec
Looptime: 335 millis: 47.761192 msg/sec, long term: 45344 messages at 49.126762 msgs / sec
Looptime: 329 millis: 48.632217 msg/sec, long term: 45360 messages at 49.090908 msgs / sec
Looptime: 330 millis: 48.484848 msg/sec, long term: 45376 messages at 49.108227 msgs / sec
Looptime: 330 millis: 48.484848 msg/sec, long term: 45392 messages at 49.125542 msgs / sec
Looptime: 335 millis: 47.761192 msg/sec, long term: 45408 messages at 49.089729 msgs / sec
Looptime: 329 millis: 48.632217 msg/sec, long term: 45424 messages at 49.107025 msgs / sec
Looptime: 323 millis: 49.535603 msg/sec, long term: 45440 messages at 49.124325 msgs / sec
Looptime: 315 millis: 50.793652 msg/sec, long term: 45456 messages at 49.088554 msgs / sec
Looptime: 316 millis: 50.632912 msg/sec, long term: 45472 messages at 49.105831 msgs / sec
Looptime: 319 millis: 50.156738 msg/sec, long term: 45488 messages at 49.123112 msgs / sec
Looptime: 319 millis: 50.156738 msg/sec, long term: 45504 messages at 49.087379 msgs / sec
Looptime: 319 millis: 50.156738 msg/sec, long term: 45520 messages at 49.104637 msgs / sec
Looptime: 337 millis: 47.477745 msg/sec, long term: 45536 messages at 49.121899 msgs / sec
Looptime: 319 millis: 50.156738 msg/sec, long term: 45552 messages at 49.086208 msgs / sec
Looptime: 351 millis: 45.584045 msg/sec, long term: 45568 messages at 49.103447 msgs / sec
Looptime: 319 millis: 50.156738 msg/sec, long term: 45584 messages at 49.120689 msgs / sec
Looptime: 335 millis: 47.761192 msg/sec, long term: 45600 messages at 49.085037 msgs / sec
Looptime: 329 millis: 48.632217 msg/sec, long term: 45616 messages at 49.102261 msgs / sec
Looptime: 320 millis: 50.000000 msg/sec, long term: 45632 messages at 49.119484 msgs / sec
Looptime: 330 millis: 48.484848 msg/sec, long term: 45648 messages at 49.083870 msgs / sec
Looptime: 319 millis: 50.156738 msg/sec, long term: 45664 messages at 49.101074 msgs / sec
Looptime: 319 millis: 50.156738 msg/sec, long term: 45680 messages at 49.118279 msgs / sec
Looptime: 319 millis: 50.156738 msg/sec, long term: 45696 messages at 49.082706 msgs / sec
Looptime: 319 millis: 50.156738 msg/sec, long term: 45712 messages at 49.099892 msgs / sec
Looptime: 335 millis: 47.761192 msg/sec, long term: 45728 messages at 49.117077 msgs / sec
Looptime: 330 millis: 48.484848 msg/sec, long term: 45744 messages at 49.081547 msgs / sec
Looptime: 321 millis: 49.844238 msg/sec, long term: 45760 messages at 49.098713 msgs / sec
Looptime: 335 millis: 47.761192 msg/sec, long term: 45776 messages at 49.115879 msgs / sec
Looptime: 329 millis: 48.632217 msg/sec, long term: 45792 messages at 49.080387 msgs / sec
Looptime: 320 millis: 50.000000 msg/sec, long term: 45808 messages at 49.097534 msgs / sec
Looptime: 330 millis: 48.484848 msg/sec, long term: 45824 messages at 49.114685 msgs / sec
Looptime: 335 millis: 47.761192 msg/sec, long term: 45840 messages at 49.079227 msgs / sec
Looptime: 329 millis: 48.632217 msg/sec, long term: 45856 messages at 49.096359 msgs / sec
Looptime: 320 millis: 50.000000 msg/sec, long term: 45872 messages at 49.113491 msgs / sec
Looptime: 330 millis: 48.484848 msg/sec, long term: 45888 messages at 49.078075 msgs / sec
Looptime: 319 millis: 50.156738 msg/sec, long term: 45904 messages at 49.095188 msgs / sec
Looptime: 319 millis: 50.156738 msg/sec, long term: 45920 messages at 49.112301 msgs / sec
Looptime: 319 millis: 50.156738 msg/sec, long term: 45936 messages at 49.076923 msgs / sec
Looptime: 319 millis: 50.156738 msg/sec, long term: 45952 messages at 49.094017 msgs / sec
Looptime: 319 millis: 50.156738 msg/sec, long term: 45968 messages at 49.111111 msgs / sec
Looptime: 319 millis: 50.156738 msg/sec, long term: 45984 messages at 49.128204 msgs / sec
Looptime: 328 millis: 48.780487 msg/sec, long term: 46000 messages at 49.092850 msgs / sec
Looptime: 326 millis: 49.079754 msg/sec, long term: 46016 messages at 49.109924 msgs / sec
Looptime: 320 millis: 50.000000 msg/sec, long term: 46032 messages at 49.127003 msgs / sec
Looptime: 328 millis: 48.780487 msg/sec, long term: 46048 messages at 49.091686 msgs / sec
Looptime: 319 millis: 50.156738 msg/sec, long term: 46064 messages at 49.108742 msgs / sec
Looptime: 319 millis: 50.156738 msg/sec, long term: 46080 messages at 49.125801 msgs / sec
Looptime: 319 millis: 50.156738 msg/sec, long term: 46096 messages at 49.090523 msgs / sec
Looptime: 319 millis: 50.156738 msg/sec, long term: 46112 messages at 49.107563 msgs / sec
Looptime: 319 millis: 50.156738 msg/sec, long term: 46128 messages at 49.124599 msgs / sec
Looptime: 319 millis: 50.156738 msg/sec, long term: 46144 messages at 49.089363 msgs / sec
Looptime: 319 millis: 50.156738 msg/sec, long term: 46160 messages at 49.106384 msgs / sec
Looptime: 319 millis: 50.156738 msg/sec, long term: 46176 messages at 49.123405 msgs / sec
Looptime: 319 millis: 50.156738 msg/sec, long term: 46192 messages at 49.088203 msgs / sec
Looptime: 319 millis: 50.156738 msg/sec, long term: 46208 messages at 49.105206 msgs / sec
Looptime: 319 millis: 50.156738 msg/sec, long term: 46224 messages at 49.122211 msgs / sec
Looptime: 319 millis: 50.156738 msg/sec, long term: 46240 messages at 49.087048 msgs / sec
Looptime: 319 millis: 50.156738 msg/sec, long term: 46256 messages at 49.104034 msgs / sec
Looptime: 319 millis: 50.156738 msg/sec, long term: 46272 messages at 49.121017 msgs / sec
Looptime: 319 millis: 50.156738 msg/sec, long term: 46288 messages at 49.085896 msgs / sec
Looptime: 322 millis: 49.689442 msg/sec, long term: 46304 messages at 49.102863 msgs / sec
Looptime: 315 millis: 50.793652 msg/sec, long term: 46320 messages at 49.119831 msgs / sec
Looptime: 316 millis: 50.632912 msg/sec, long term: 46336 messages at 49.084747 msgs / sec
Looptime: 319 millis: 50.156738 msg/sec, long term: 46352 messages at 49.101696 msgs / sec
Looptime: 319 millis: 50.156738 msg/sec, long term: 46368 messages at 49.118645 msgs / sec
Looptime: 319 millis: 50.156738 msg/sec, long term: 46384 messages at 49.083599 msgs / sec
Looptime: 319 millis: 50.156738 msg/sec, long term: 46400 messages at 49.100529 msgs / sec
Looptime: 337 millis: 47.477745 msg/sec, long term: 46416 messages at 49.117462 msgs / sec
Looptime: 319 millis: 50.156738 msg/sec, long term: 46432 messages at 49.134392 msgs / sec
Looptime: 331 millis: 48.338367 msg/sec, long term: 46448 messages at 49.099365 msgs / sec
Looptime: 319 millis: 50.156738 msg/sec, long term: 46464 messages at 49.116280 msgs / sec
Looptime: 319 millis: 50.156738 msg/sec, long term: 46480 messages at 49.133194 msgs / sec
Looptime: 319 millis: 50.156738 msg/sec, long term: 46496 messages at 49.098206 msgs / sec
Looptime: 335 millis: 47.761192 msg/sec, long term: 46512 messages at 49.115101 msgs / sec
Looptime: 329 millis: 48.632217 msg/sec, long term: 46528 messages at 49.131996 msgs / sec
Looptime: 321 millis: 49.844238 msg/sec, long term: 46544 messages at 49.097046 msgs / sec
Looptime: 331 millis: 48.338367 msg/sec, long term: 46560 messages at 49.113926 msgs / sec
Looptime: 315 millis: 50.793652 msg/sec, long term: 46576 messages at 49.130802 msgs / sec
Looptime: 319 millis: 50.156738 msg/sec, long term: 46592 messages at 49.095890 msgs / sec
Looptime: 319 millis: 50.156738 msg/sec, long term: 46608 messages at 49.112751 msgs / sec
Looptime: 335 millis: 47.761192 msg/sec, long term: 46624 messages at 49.129612 msgs / sec
Looptime: 329 millis: 48.632217 msg/sec, long term: 46640 messages at 49.094738 msgs / sec
Looptime: 320 millis: 50.000000 msg/sec, long term: 46656 messages at 49.111580 msgs / sec
Looptime: 330 millis: 48.484848 msg/sec, long term: 46672 messages at 49.128422 msgs / sec
Looptime: 337 millis: 47.477745 msg/sec, long term: 46688 messages at 49.093586 msgs / sec
Looptime: 319 millis: 50.156738 msg/sec, long term: 46704 messages at 49.110409 msgs / sec
Looptime: 330 millis: 48.484848 msg/sec, long term: 46720 messages at 49.127235 msgs / sec
Looptime: 337 millis: 47.477745 msg/sec, long term: 46736 messages at 49.092438 msgs / sec
Looptime: 319 millis: 50.156738 msg/sec, long term: 46752 messages at 49.109245 msgs / sec
Looptime: 319 millis: 50.156738 msg/sec, long term: 46768 messages at 49.126049 msgs / sec
Looptime: 319 millis: 50.156738 msg/sec, long term: 46784 messages at 49.091290 msgs / sec
Looptime: 319 millis: 50.156738 msg/sec, long term: 46800 messages at 49.108078 msgs / sec
Looptime: 319 millis: 50.156738 msg/sec, long term: 46816 messages at 49.124870 msgs / sec
Looptime: 319 millis: 50.156738 msg/sec, long term: 46832 messages at 49.090145 msgs / sec
Looptime: 319 millis: 50.156738 msg/sec, long term: 46848 messages at 49.106918 msgs / sec
Looptime: 319 millis: 50.156738 msg/sec, long term: 46864 messages at 49.123692 msgs / sec
Looptime: 319 millis: 50.156738 msg/sec, long term: 46880 messages at 49.089005 msgs / sec
Looptime: 319 millis: 50.156738 msg/sec, long term: 46896 messages at 49.105759 msgs / sec
Looptime: 319 millis: 50.156738 msg/sec, long term: 46912 messages at 49.122513 msgs / sec
Looptime: 319 millis: 50.156738 msg/sec, long term: 46928 messages at 49.087868 msgs / sec
Looptime: 319 millis: 50.156738 msg/sec, long term: 46944 messages at 49.104603 msgs / sec
Looptime: 319 millis: 50.156738 msg/sec, long term: 46960 messages at 49.121338 msgs / sec
Looptime: 319 millis: 50.156738 msg/sec, long term: 46976 messages at 49.086731 msgs / sec
Looptime: 320 millis: 50.000000 msg/sec, long term: 46992 messages at 49.103447 msgs / sec
Looptime: 326 millis: 49.079754 msg/sec, long term: 47008 messages at 49.120167 msgs / sec
Looptime: 330 millis: 48.484848 msg/sec, long term: 47024 messages at 49.136887 msgs / sec
Looptime: 330 millis: 48.484848 msg/sec, long term: 47040 messages at 49.102295 msgs / sec
Looptime: 335 millis: 47.761192 msg/sec, long term: 47056 messages at 49.118999 msgs / sec
Looptime: 329 millis: 48.632217 msg/sec, long term: 47072 messages at 49.135700 msgs / sec
Looptime: 339 millis: 47.197639 msg/sec, long term: 47088 messages at 49.101147 msgs / sec
Looptime: 320 millis: 50.000000 msg/sec, long term: 47104 messages at 49.117832 msgs / sec
Looptime: 328 millis: 48.780487 msg/sec, long term: 47120 messages at 49.134514 msgs / sec
Looptime: 330 millis: 48.484848 msg/sec, long term: 47136 messages at 49.099998 msgs / sec
Looptime: 337 millis: 47.477745 msg/sec, long term: 47152 messages at 49.116665 msgs / sec
Looptime: 319 millis: 50.156738 msg/sec, long term: 47168 messages at 49.133335 msgs / sec
Looptime: 319 millis: 50.156738 msg/sec, long term: 47184 messages at 49.098854 msgs / sec
Looptime: 319 millis: 50.156738 msg/sec, long term: 47200 messages at 49.115505 msgs / sec
Looptime: 319 millis: 50.156738 msg/sec, long term: 47216 messages at 49.132153 msgs / sec
Looptime: 319 millis: 50.156738 msg/sec, long term: 47232 messages at 49.097713 msgs / sec
Looptime: 319 millis: 50.156738 msg/sec, long term: 47248 messages at 49.114346 msgs / sec
Looptime: 319 millis: 50.156738 msg/sec, long term: 47264 messages at 49.130978 msgs / sec
Looptime: 331 millis: 48.338367 msg/sec, long term: 47280 messages at 49.096573 msgs / sec
Looptime: 337 millis: 47.477745 msg/sec, long term: 47296 messages at 49.113190 msgs / sec
Looptime: 319 millis: 50.156738 msg/sec, long term: 47312 messages at 49.129803 msgs / sec
Looptime: 319 millis: 50.156738 msg/sec, long term: 47328 messages at 49.095436 msgs / sec
Looptime: 319 millis: 50.156738 msg/sec, long term: 47344 messages at 49.112034 msgs / sec
Looptime: 319 millis: 50.156738 msg/sec, long term: 47360 messages at 49.128632 msgs / sec
Looptime: 319 millis: 50.156738 msg/sec, long term: 47376 messages at 49.094299 msgs / sec
Looptime: 319 millis: 50.156738 msg/sec, long term: 47392 messages at 49.110882 msgs / sec
Looptime: 319 millis: 50.156738 msg/sec, long term: 47408 messages at 49.127460 msgs / sec
Looptime: 351 millis: 45.584045 msg/sec, long term: 47424 messages at 49.093166 msgs / sec
Looptime: 319 millis: 50.156738 msg/sec, long term: 47440 messages at 49.109730 msgs / sec
Looptime: 319 millis: 50.156738 msg/sec, long term: 47456 messages at 49.126293 msgs / sec
Looptime: 335 millis: 47.761192 msg/sec, long term: 47472 messages at 49.092037 msgs / sec
Looptime: 329 millis: 48.632217 msg/sec, long term: 47488 messages at 49.108582 msgs / sec
Looptime: 330 millis: 48.484848 msg/sec, long term: 47504 messages at 49.125130 msgs / sec
Looptime: 319 millis: 50.156738 msg/sec, long term: 47520 messages at 49.090908 msgs / sec
Looptime: 319 millis: 50.156738 msg/sec, long term: 47536 messages at 49.107437 msgs / sec
Looptime: 319 millis: 50.156738 msg/sec, long term: 47552 messages at 49.123966 msgs / sec
Looptime: 319 millis: 50.156738 msg/sec, long term: 47568 messages at 49.089783 msgs / sec
Looptime: 338 millis: 47.337276 msg/sec, long term: 47584 messages at 49.106297 msgs / sec
Looptime: 349 millis: 45.845272 msg/sec, long term: 47600 messages at 49.122807 msgs / sec
Looptime: 319 millis: 50.156738 msg/sec, long term: 47616 messages at 49.088661 msgs / sec
Looptime: 339 millis: 47.197639 msg/sec, long term: 47632 messages at 49.105156 msgs / sec
Looptime: 319 millis: 50.156738 msg/sec, long term: 47648 messages at 49.121651 msgs / sec
Looptime: 319 millis: 50.156738 msg/sec, long term: 47664 messages at 49.087540 msgs / sec
Looptime: 319 millis: 50.156738 msg/sec, long term: 47680 messages at 49.104015 msgs / sec
Looptime: 319 millis: 50.156738 msg/sec, long term: 47696 messages at 49.120495 msgs / sec
Looptime: 319 millis: 50.156738 msg/sec, long term: 47712 messages at 49.086418 msgs / sec
Looptime: 319 millis: 50.156738 msg/sec, long term: 47728 messages at 49.102882 msgs / sec
Looptime: 319 millis: 50.156738 msg/sec, long term: 47744 messages at 49.119343 msgs / sec
Looptime: 319 millis: 50.156738 msg/sec, long term: 47760 messages at 49.135803 msgs / sec
Looptime: 319 millis: 50.156738 msg/sec, long term: 47776 messages at 49.101746 msgs / sec
Looptime: 319 millis: 50.156738 msg/sec, long term: 47792 messages at 49.118191 msgs / sec
Looptime: 319 millis: 50.156738 msg/sec, long term: 47808 messages at 49.134636 msgs / sec
Looptime: 319 millis: 50.156738 msg/sec, long term: 47824 messages at 49.100616 msgs / sec
Looptime: 319 millis: 50.156738 msg/sec, long term: 47840 messages at 49.117043 msgs / sec
Looptime: 319 millis: 50.156738 msg/sec, long term: 47856 messages at 49.133469 msgs / sec
Looptime: 319 millis: 50.156738 msg/sec, long term: 47872 messages at 49.099487 msgs / sec
Looptime: 380 millis: 42.105263 msg/sec, long term: 47888 messages at 49.115898 msgs / sec
Looptime: 327 millis: 48.929665 msg/sec, long term: 47904 messages at 49.132309 msgs / sec
Looptime: 347 millis: 46.109509 msg/sec, long term: 47920 messages at 49.098362 msgs / sec
Looptime: 332 millis: 48.192772 msg/sec, long term: 47936 messages at 49.114754 msgs / sec
Looptime: 360 millis: 44.444443 msg/sec, long term: 47952 messages at 49.131149 msgs / sec
Looptime: 316 millis: 50.632912 msg/sec, long term: 47968 messages at 49.097237 msgs / sec
Looptime: 319 millis: 50.156738 msg/sec, long term: 47984 messages at 49.113613 msgs / sec
Looptime: 319 millis: 50.156738 msg/sec, long term: 48000 messages at 49.129990 msgs / sec
Looptime: 319 millis: 50.156738 msg/sec, long term: 48016 messages at 49.096115 msgs / sec
Looptime: 319 millis: 50.156738 msg/sec, long term: 48032 messages at 49.112473 msgs / sec
Looptime: 319 millis: 50.156738 msg/sec, long term: 48048 messages at 49.128834 msgs / sec
Looptime: 319 millis: 50.156738 msg/sec, long term: 48064 messages at 49.094994 msgs / sec
Looptime: 319 millis: 50.156738 msg/sec, long term: 48080 messages at 49.111340 msgs / sec
Looptime: 319 millis: 50.156738 msg/sec, long term: 48096 messages at 49.127682 msgs / sec
Looptime: 319 millis: 50.156738 msg/sec, long term: 48112 messages at 49.093876 msgs / sec
Looptime: 319 millis: 50.156738 msg/sec, long term: 48128 messages at 49.110203 msgs / sec
Looptime: 331 millis: 48.338367 msg/sec, long term: 48144 messages at 49.126530 msgs / sec
Looptime: 319 millis: 50.156738 msg/sec, long term: 48160 messages at 49.092762 msgs / sec
Looptime: 350 millis: 45.714287 msg/sec, long term: 48176 messages at 49.109074 msgs / sec
Looptime: 314 millis: 50.955414 msg/sec, long term: 48192 messages at 49.125381 msgs / sec
Looptime: 328 millis: 48.780487 msg/sec, long term: 48208 messages at 49.091648 msgs / sec
Looptime: 319 millis: 50.156738 msg/sec, long term: 48224 messages at 49.107944 msgs / sec
Looptime: 319 millis: 50.156738 msg/sec, long term: 48240 messages at 49.124237 msgs / sec
Looptime: 319 millis: 50.156738 msg/sec, long term: 48256 messages at 49.090538 msgs / sec
Looptime: 319 millis: 50.156738 msg/sec, long term: 48272 messages at 49.106815 msgs / sec
Looptime: 319 millis: 50.156738 msg/sec, long term: 48288 messages at 49.123093 msgs / sec
Looptime: 319 millis: 50.156738 msg/sec, long term: 48304 messages at 49.089432 msgs / sec
Looptime: 319 millis: 50.156738 msg/sec, long term: 48320 messages at 49.105690 msgs / sec
Looptime: 319 millis: 50.156738 msg/sec, long term: 48336 messages at 49.121952 msgs / sec
Looptime: 319 millis: 50.156738 msg/sec, long term: 48352 messages at 49.088326 msgs / sec
Looptime: 319 millis: 50.156738 msg/sec, long term: 48368 messages at 49.104568 msgs / sec
Looptime: 319 millis: 50.156738 msg/sec, long term: 48384 messages at 49.120811 msgs / sec
Looptime: 319 millis: 50.156738 msg/sec, long term: 48400 messages at 49.137054 msgs / sec
Looptime: 319 millis: 50.156738 msg/sec, long term: 48416 messages at 49.103447 msgs / sec
Looptime: 319 millis: 50.156738 msg/sec, long term: 48432 messages at 49.119675 msgs / sec
Looptime: 356 millis: 44.943821 msg/sec, long term: 48448 messages at 49.135902 msgs / sec
Looptime: 354 millis: 45.197739 msg/sec, long term: 48464 messages at 49.102329 msgs / sec
Looptime: 330 millis: 48.484848 msg/sec, long term: 48480 messages at 49.118542 msgs / sec
Looptime: 349 millis: 45.845272 msg/sec, long term: 48496 messages at 49.085022 msgs / sec
Looptime: 341 millis: 46.920822 msg/sec, long term: 48512 messages at 49.101215 msgs / sec
Looptime: 319 millis: 50.156738 msg/sec, long term: 48528 messages at 49.117409 msgs / sec
Looptime: 319 millis: 50.156738 msg/sec, long term: 48544 messages at 49.083923 msgs / sec
Looptime: 319 millis: 50.156738 msg/sec, long term: 48560 messages at 49.100101 msgs / sec
Looptime: 319 millis: 50.156738 msg/sec, long term: 48576 messages at 49.116280 msgs / sec
Looptime: 319 millis: 50.156738 msg/sec, long term: 48592 messages at 49.132458 msgs / sec
Looptime: 319 millis: 50.156738 msg/sec, long term: 48608 messages at 49.098991 msgs / sec
Looptime: 319 millis: 50.156738 msg/sec, long term: 48624 messages at 49.115150 msgs / sec
Looptime: 319 millis: 50.156738 msg/sec, long term: 48640 messages at 49.131313 msgs / sec
Looptime: 319 millis: 50.156738 msg/sec, long term: 48656 messages at 49.097881 msgs / sec
Looptime: 319 millis: 50.156738 msg/sec, long term: 48672 messages at 49.114025 msgs / sec
Looptime: 319 millis: 50.156738 msg/sec, long term: 48688 messages at 49.130173 msgs / sec
Looptime: 319 millis: 50.156738 msg/sec, long term: 48704 messages at 49.096775 msgs / sec
Looptime: 351 millis: 45.584045 msg/sec, long term: 48720 messages at 49.112904 msgs / sec
Looptime: 316 millis: 50.632912 msg/sec, long term: 48736 messages at 49.129032 msgs / sec
Looptime: 319 millis: 50.156738 msg/sec, long term: 48752 messages at 49.095669 msgs / sec
Looptime: 318 millis: 50.314465 msg/sec, long term: 48768 messages at 49.111782 msgs / sec
Looptime: 337 millis: 47.477745 msg/sec, long term: 48784 messages at 49.127895 msgs / sec
Looptime: 319 millis: 50.156738 msg/sec, long term: 48800 messages at 49.094566 msgs / sec
Looptime: 319 millis: 50.156738 msg/sec, long term: 48816 messages at 49.110664 msgs / sec
Looptime: 319 millis: 50.156738 msg/sec, long term: 48832 messages at 49.126762 msgs / sec
Looptime: 319 millis: 50.156738 msg/sec, long term: 48848 messages at 49.093468 msgs / sec
Looptime: 319 millis: 50.156738 msg/sec, long term: 48864 messages at 49.109547 msgs / sec
Looptime: 319 millis: 50.156738 msg/sec, long term: 48880 messages at 49.125629 msgs / sec
Looptime: 319 millis: 50.156738 msg/sec, long term: 48896 messages at 49.092369 msgs / sec
Looptime: 319 millis: 50.156738 msg/sec, long term: 48912 messages at 49.108433 msgs / sec
Looptime: 319 millis: 50.156738 msg/sec, long term: 48928 messages at 49.124496 msgs / sec
Looptime: 319 millis: 50.156738 msg/sec, long term: 48944 messages at 49.091274 msgs / sec
Looptime: 319 millis: 50.156738 msg/sec, long term: 48960 messages at 49.107323 msgs / sec
Looptime: 319 millis: 50.156738 msg/sec, long term: 48976 messages at 49.123371 msgs / sec
Looptime: 319 millis: 50.156738 msg/sec, long term: 48992 messages at 49.090179 msgs / sec
Looptime: 319 millis: 50.156738 msg/sec, long term: 49008 messages at 49.106213 msgs / sec
Looptime: 319 millis: 50.156738 msg/sec, long term: 49024 messages at 49.122246 msgs / sec
Looptime: 319 millis: 50.156738 msg/sec, long term: 49040 messages at 49.138275 msgs / sec
Looptime: 319 millis: 50.156738 msg/sec, long term: 49056 messages at 49.105106 msgs / sec
Looptime: 319 millis: 50.156738 msg/sec, long term: 49072 messages at 49.121120 msgs / sec
Looptime: 319 millis: 50.156738 msg/sec, long term: 49088 messages at 49.137138 msgs / sec
Looptime: 319 millis: 50.156738 msg/sec, long term: 49104 messages at 49.104000 msgs / sec
Looptime: 319 millis: 50.156738 msg/sec, long term: 49120 messages at 49.119999 msgs / sec
Looptime: 319 millis: 50.156738 msg/sec, long term: 49136 messages at 49.136002 msgs / sec

