Again, no actual problems here, this is just for completeness.


# Overhead   Command           Shared Object                               Symbol
# ........  ........  ......................  ...................................
#
     2.78%  simplemq  libpthread-0.9.33.2.so  [.] pthread_mutex_lock
     2.52%  simplemq  libuClibc-0.9.33.2.so   [.] _ppfs_parsespec
     2.09%  simplemq  [kernel]                [k] do_select
     1.99%  simplemq  [nf_conntrack]          [k] 0x6b24  
     1.88%  simplemq  [kernel]                [k] tcp_sendmsg
     1.61%  simplemq  [kernel]                [k] tcp_recvmsg
     1.60%  simplemq  libuClibc-0.9.33.2.so   [.] malloc
     1.60%  simplemq  [kernel]                [k] finish_task_switch.constprop.58
     1.57%  simplemq  libpthread-0.9.33.2.so  [.] __pthread_mutex_unlock_usercnt
     1.50%  simplemq  [kernel]                [k] handle_sys
     1.46%  simplemq  [ip_tables]             [k] 0x2b4   
     1.36%  simplemq  libuClibc-0.9.33.2.so   [.] free
     1.25%  simplemq  [kernel]                [k] fsnotify
     1.19%  simplemq  libuClibc-0.9.33.2.so   [.] _vfprintf_internal
     1.19%  simplemq  [kernel]                [k] tcp_ack
     1.15%  simplemq  libuClibc-0.9.33.2.so   [.] __libc_disable_asynccancel
     1.14%  simplemq  [kernel]                [k] tcp_write_xmit
     1.01%  simplemq  libmosquitto.so.1       [.] _mosquitto_packet_write
     0.93%  simplemq  [kernel]                [k] tcp_transmit_skb
     0.91%  simplemq  [kernel]                [k] sock_aio_read
     0.90%  simplemq  [kernel]                [k] hrtimer_try_to_cancel
     0.87%  simplemq  [kernel]                [k] fput
     0.87%  simplemq  [kernel]                [k] memcpy
     0.83%  simplemq  libmosquitto.so.1       [.] _mosquitto_packet_alloc
     0.83%  simplemq  [kernel]                [k] release_sock
     0.78%  simplemq  [kernel]                [k] fget_light
     0.77%  simplemq  libmosquitto.so.1       [.] _mosquitto_packet_read
     0.77%  simplemq  [kernel]                [k] vfs_read
     0.74%  simplemq  libuClibc-0.9.33.2.so   [.] _ppfs_init
     0.74%  simplemq  [kernel]                [k] do_sync_read
     0.74%  simplemq  [kernel]                [k] nf_iterate
     0.71%  simplemq  [kernel]                [k] __wake_up_sync_key
     0.69%  simplemq  libmosquitto.so.1       [.] _mosquitto_log_printf
     0.69%  simplemq  [kernel]                [k] __do_softirq
     0.66%  simplemq  libuClibc-0.9.33.2.so   [.] __libc_read
     0.64%  simplemq  libuClibc-0.9.33.2.so   [.] calloc
     0.63%  simplemq  [kernel]                [k] skb_copy_datagram_iovec
     0.62%  simplemq  libuClibc-0.9.33.2.so   [.] __libc_write
     0.62%  simplemq  [kernel]                [k] tcp_poll
     0.62%  simplemq  [kernel]                [k] tcp_send_mss
     0.62%  simplemq  [kernel]                [k] tcp_v4_rcv
     0.60%  simplemq  libpthread-0.9.33.2.so  [.] __pthread_cleanup_push_defer
     0.56%  simplemq  [kernel]                [k] ktime_get_ts
     0.56%  simplemq  [kernel]                [k] sys_read
     0.56%  simplemq  [kernel]                [k] ip_rcv
     0.53%  simplemq  [nf_conntrack_ipv4]     [k] 0x2fc   
     0.53%  simplemq  [kernel]                [k] __inet_lookup_established
     0.52%  simplemq  libuClibc-0.9.33.2.so   [.] _pthread_cleanup_push_defer
     0.52%  simplemq  libmosquitto.so.1       [.] mosquitto_loop
     0.52%  simplemq  [kernel]                [k] vfs_write
     0.52%  simplemq  [kernel]                [k] core_sys_select
     0.50%  simplemq  libuClibc-0.9.33.2.so   [.] _ppfs_setargs
     0.50%  simplemq  [kernel]                [k] local_bh_enable
     0.50%  simplemq  [kernel]                [k] do_last.isra.37
     0.50%  simplemq  [kernel]                [k] __bzero
     0.49%  simplemq  [kernel]                [k] __netif_receive_skb
     0.49%  simplemq  [kernel]                [k] __tcp_select_window
     0.48%  simplemq  libpthread-0.9.33.2.so  [.] pthread_mutex_unlock
     0.48%  simplemq  libpthread-0.9.33.2.so  [.] __pthread_cleanup_pop_restore
     0.48%  simplemq  [kernel]                [k] tcp_cleanup_rbuf
     0.46%  simplemq  [kernel]                [k] sock_aio_write
     0.45%  simplemq  libuClibc-0.9.33.2.so   [.] pthread_mutex_lock
     0.45%  simplemq  [kernel]                [k] __pollwait
     0.43%  simplemq  libuClibc-0.9.33.2.so   [.] memcpy
     0.43%  simplemq  libmosquitto.so.1       [.] _mosquitto_packet_queue
     0.43%  simplemq  [kernel]                [k] dev_hard_start_xmit
     0.42%  simplemq  [kernel]                [k] poll_select_copy_remaining
     0.41%  simplemq  libuClibc-0.9.33.2.so   [.] vsnprintf
     0.41%  simplemq  libmosquitto.so.1       [.] mosquitto_publish
     0.41%  simplemq  libmosquitto.so.1       [.] mosquitto_loop_read
     0.41%  simplemq  [kernel]                [k] stack_done
     0.41%  simplemq  [kernel]                [k] kfree
     0.41%  simplemq  [kernel]                [k] select_estimate_accuracy
     0.41%  simplemq  [iptable_nat]           [k] 0x49c   
     0.39%  simplemq  [kernel]                [k] do_sync_write
     0.39%  simplemq  [kernel]                [k] __fsnotify_parent
     0.38%  simplemq  [kernel]                [k] set_normalized_timespec
     0.38%  simplemq  [kernel]                [k] mod_timer
     0.38%  simplemq  [kernel]                [k] getnstimeofday
     0.38%  simplemq  [kernel]                [k] __kmalloc
     0.36%  simplemq  libuClibc-0.9.33.2.so   [.] strnlen
     0.36%  simplemq  libuClibc-0.9.33.2.so   [.] pthread_mutex_unlock
     0.36%  simplemq  libmosquitto.so.1       [.] _mosquitto_check_keepalive
     0.36%  simplemq  [xt_conntrack]          [k] 0x2a0   
     0.35%  simplemq  libuClibc-0.9.33.2.so   [.] time
     0.35%  simplemq  libuClibc-0.9.33.2.so   [.] memset
     0.35%  simplemq  libuClibc-0.9.33.2.so   [.] __libc_enable_asynccancel
     0.35%  simplemq  [kernel]                [k] __alloc_skb
     0.35%  simplemq  [kernel]                [k] tcp_rcv_established
     0.35%  simplemq  [kernel]                [k] inet_recvmsg
     0.34%  simplemq  [kernel]                [k] sys_write
     0.34%  simplemq  [kernel]                [k] net_rx_action
     0.32%  simplemq  libmosquitto.so.1       [.] _mosquitto_packet_cleanup
     0.32%  simplemq  [kernel]                [k] shmem_file_aio_read
     0.32%  simplemq  [kernel]                [k] __kfree_skb
     0.32%  simplemq  [kernel]                [k] process_backlog
     0.32%  simplemq  [kernel]                [k] ip_finish_output
     0.31%  simplemq  libmosquitto.so.1       [.] _mosquitto_read_uint16
     0.31%  simplemq  libmosquitto.so.1       [.] _mosquitto_send_command_with_mid
     0.31%  simplemq  [kernel]                [k] skb_release_data
     0.31%  simplemq  [kernel]                [k] ip_output
     0.31%  simplemq  [kernel]                [k] __schedule
     0.29%  simplemq  libuClibc-0.9.33.2.so   [.] __stdio_fwrite
     0.29%  simplemq  libmosquitto.so.1       [.] mosquitto_loop_misc
     0.29%  simplemq  libmosquitto.so.1       [.] _mosquitto_send_real_publish
     0.29%  simplemq  [kernel]                [k] memcpy_toiovec
     0.28%  simplemq  libuClibc-0.9.33.2.so   [.] _time_tzset
     0.28%  simplemq  libuClibc-0.9.33.2.so   [.] _charpad
     0.28%  simplemq  libmosquitto.so.1       [.] _mosquitto_packet_handle
     0.28%  simplemq  [kernel]                [k] try_to_wake_up
     0.28%  simplemq  [kernel]                [k] __dentry_open.isra.15
     0.28%  simplemq  [kernel]                [k] link_path_walk
     0.28%  simplemq  [kernel]                [k] path_openat
     0.28%  simplemq  [kernel]                [k] __d_lookup_rcu
     0.28%  simplemq  [kernel]                [k] tcp_current_mss
     0.27%  simplemq  libmosquitto.so.1       [.] _mosquitto_net_read
     0.27%  simplemq  libmosquitto.so.1       [.] _mosquitto_handle_pubackcomp
     0.27%  simplemq  libmosquitto.so.1       [.] _mosquitto_send_publish
     0.27%  simplemq  [kernel]                [k] kmem_cache_free
     0.27%  simplemq  [kernel]                [k] get_empty_filp
     0.27%  simplemq  [kernel]                [k] ip_queue_xmit
     0.27%  simplemq  [kernel]                [k] tcp_data_queue
     0.27%  simplemq  [iptable_mangle]        [k] 0x28    
     0.25%  simplemq  libuClibc-0.9.33.2.so   [.] __libc_select
     0.25%  simplemq  [kernel]                [k] rw_verify_area
     0.25%  simplemq  [kernel]                [k] unlazy_walk
     0.25%  simplemq  [kernel]                [k] poll_freewait
     0.25%  simplemq  [kernel]                [k] poll_select_set_timeout
     0.25%  simplemq  [kernel]                [k] __copy_skb_header
     0.25%  simplemq  [kernel]                [k] ipv4_mtu
     0.24%  simplemq  [kernel]                [k] do_softirq
     0.24%  simplemq  [kernel]                [k] __hrtimer_start_range_ns
     0.24%  simplemq  [kernel]                [k] kmem_cache_alloc
     0.24%  simplemq  [kernel]                [k] netif_rx
     0.22%  simplemq  libmosquitto.so.1       [.] _mosquitto_net_write
     0.22%  simplemq  [kernel]                [k] skb_release_head_state
     0.22%  simplemq  [kernel]                [k] dev_queue_xmit
     0.22%  simplemq  [kernel]                [k] ip_local_deliver_finish
     0.21%  simplemq  simplemq                [.] send_messages
     0.21%  simplemq  libuClibc-0.9.33.2.so   [.] __GI_strlen
     0.21%  simplemq  libmosquitto.so.1       [.] _mosquitto_message_update
     0.21%  simplemq  [kernel]                [k] do_lookup
     0.21%  simplemq  [kernel]                [k] __lshrdi3
     0.21%  simplemq  [kernel]                [k] tcp_event_data_recv
     0.20%  simplemq  libmosquitto.so.1       [.] _mosquitto_send_pubrel

